
			11-Nov-2024 11:50:28

BATCON Version	6(10114)			GLXLIB Version	6(1534)

	    Job DFKAA Req #11 for ALAN in Stream 0

	OUTPUT:	 Log				TIME-LIMIT: 0:05:00
	UNIQUE:	 Yes				BATCH-LOG:  Append
	RESTART: No				ASSISTANCE: Yes
	ACCOUNT:                                SEQUENCE:   3934

	Input from => TOPS20:<KLAD>DFKAA.CTL
	Output to  => TOPS20:<KLAD>DFKAA.LOG



11:50:28 MONTR	 Alan's Panda Distribution, PANDA TOPS-20 Monitor 7.1(21733)-4
11:50:28 MONTR	 Job 10 on TTY22 11-Nov-2024 11:50:28
11:50:28 MONTR	  Last interactive login 11-Nov-2024 10:44:10
11:50:28 MONTR	  Last non-interactive login 11-Nov-2024 11:45:24
11:50:28 MONTR	@
11:50:28 MONTR	[Connected to TOPS20:<KLAD>]
		!****	DFKAA.CTL
11:50:28 MONTR	@DEFINE DSK DSK:,<KIRCHOFF>
11:50:28 MONTR	@
		!*****	ASSEMBLE PROGRAM
11:50:28 BLABL	MAC::
11:50:28 MONTR	@R MACRO
11:50:28 USER	
11:50:28 USER	**DFKAA@
11:50:28 USER	MACRO:	DFKAA
11:50:31 USER	
11:50:31 USER	EXIT
11:50:31 MONTR	@
11:50:31 FALSE	@IF (ERROR) @GOTO BLO
11:50:31 BLABL	LNK::
11:50:31 MONTR	@R LINK
11:50:31 USER	**DFKAA.SAV/SAV=DFKAA/NOSYM/NOINIT/GO
11:50:31 MONTR	
11:50:31 MONTR	@
11:50:31 FALSE	@IF (ERROR) @GOTO BLO
11:50:31 BLABL	CRF::
11:50:31 MONTR	@R CREF
11:50:31 USER	**DSK:DFKAA.LST=DFKAA
11:50:32 USER	[CRFXKC 25K core]
11:50:32 USER	*
11:50:32 FALSE	@IF (ERROR) @GOTO BLO
11:50:32 BLABL	DC2::
11:50:32 MONTR	^C
11:50:32 MONTR	@@RUN DECDOC.SAV
11:50:32 USER	
11:50:32 USER	'DECDOC' - D.E.C. DIAGNOSTICS DOCUMENT PROGRAM
11:50:32 USER	VERSION 000.024
11:50:32 USER	
11:50:32 USER	TYPE /H<CR> FOR HELP
11:50:32 USER	FILE: *DFKAA/S=DFKAA.TXT,DFKAA.HST,DFKAA.LST
11:50:34 USER	TOTAL LISTING PAGES = 1257
11:50:34 MONTR	@
11:50:34 FALSE	@IF (ERROR) @GOTO BLO
11:50:34 BLABL	CNV::
11:50:34 MONTR	@RUN CONVRT.SAV
11:50:34 USER	
11:50:34 USER	CONVRT - DECSYSTEM DIAGNOSTIC ASCIIZER CONVERSION PROGRAM [DDQDG]
11:50:34 USER	VERSION 000.014
11:50:34 USER	
11:50:34 USER	TYPE /H<CR> FOR HELP
11:50:34 USER	FILE: *DFKAA
11:50:34 USER	
11:50:34 USER	?FIRST WORD MUST BE POINTER
11:50:34 USER	
11:50:34 USER	EXIT
11:50:34 MONTR	@
11:50:34 TRUE	@IF (ERROR)
11:50:34 BATCH	@GOTO BLO
11:50:34 BLABL	BLO::
11:50:34 MONTR	@R PIP
11:50:34 USER	**DFKAA.BLO=NUL:FOO
11:50:34 USER	*
11:50:34 BLABL	LOG::
11:50:34 USER	
11:50:34 USER	Killed by OPERATOR, Detached
11:50:34 USER	Killed Job 10, User ALAN, TTY22, at 11-Nov-2024 11:50:34
11:50:34 USER	 Used 0:00:06 in 0:00:06
