
			26-Dec-2024 15:07:38

BATCON Version	6(10114)			GLXLIB Version	6(1534)

	    Job DFKCB Req #8 for ALAN in Stream 0

	OUTPUT:	 Log				TIME-LIMIT: 0:05:00
	UNIQUE:	 Yes				BATCH-LOG:  Append
	RESTART: No				ASSISTANCE: Yes
	ACCOUNT:                                SEQUENCE:   3014

	Input from => TOPS20:<KLAD>DFKCB.CTL
	Output to  => TOPS20:<KLAD>DFKCB.LOG



15:07:38 MONTR	 Alan's Panda Distribution, PANDA TOPS-20 Monitor 7.1(21733)-4
15:07:38 MONTR	 Job 10 on TTY22 26-Dec-2024 15:07:38
15:07:38 MONTR	  Last interactive login 26-Dec-2024 13:39:10
15:07:38 MONTR	  Last non-interactive login 11-Nov-2024 11:50:28
15:07:38 MONTR	@
15:07:38 MONTR	[Connected to TOPS20:<KLAD>]
		!**** DFKCB.CTL
		
15:07:38 MONTR	@DEFINE DSK: DSK:,Z:<CUSP10>
15:07:38 MONTR	@
		
		!**** ASSEMBLE PROGRAM
15:07:38 BLABL	MAC::
15:07:38 MONTR	@R MACRO
15:07:38 USER	
15:07:38 USER	**DFKCB@
15:07:38 USER	MACRO:	DFKCB
15:07:38 USER	[STARTING PASS 2]
15:07:39 USER	
15:07:39 USER	EXIT
15:07:39 MONTR	@
15:07:39 FALSE	@IF (ERROR) @GOTO BLO
		
		!**** RUN LINKER
15:07:39 BLABL	LNK::
15:07:39 MONTR	@RUN DLINK
15:07:39 MONTR	
15:07:39 MONTR	?No such device - "DLINK"
15:07:39 MONTR	@
		*DFKCB.SAV/SAV=DFKCB/GO
15:07:39 TRUE	@IF (ERROR)
15:07:39 BATCH	@GOTO BLO
15:07:39 BLABL	BLO::
15:07:39 MONTR	@R PIP
15:07:39 USER	**DFKCB.BLO=NUL:FOO
15:07:39 USER	*
15:07:39 BLABL	LOG::
15:07:39 USER	
15:07:39 USER	Killed by OPERATOR, Detached
15:07:39 USER	Killed Job 10, User ALAN, TTY22, at 26-Dec-2024 15:07:39
15:07:39 USER	 Used 0:00:01 in 0:00:01
			30-Dec-2024 15:56:02

BATCON Version	6(10114)			GLXLIB Version	6(1534)

	    Job DFKCB Req #13 for ALAN in Stream 0

	OUTPUT:	 Log				TIME-LIMIT: 0:05:00
	UNIQUE:	 Yes				BATCH-LOG:  Append
	RESTART: No				ASSISTANCE: Yes
	ACCOUNT:                                SEQUENCE:   3075

	Input from => TOPS20:<KLAD>DFKCB.CTL
	Output to  => TOPS20:<KLAD>DFKCB.LOG



15:56:02 MONTR	 Alan's Panda Distribution, PANDA TOPS-20 Monitor 7.1(21733)-4
15:56:02 MONTR	 Job 10 on TTY22 30-Dec-2024 15:56:02
15:56:02 MONTR	  Last interactive login 30-Dec-2024 15:55:17
15:56:02 MONTR	  Last non-interactive login 30-Dec-2024 15:55:47
15:56:02 MONTR	@
15:56:02 MONTR	[Connected to TOPS20:<KLAD>]
		!**** DFKCB.CTL
		
15:56:02 MONTR	@DEFINE DSK: DSK:,Z:<CUSP10>
15:56:02 MONTR	@
		
		!**** ASSEMBLE PROGRAM
15:56:02 BLABL	MAC::
15:56:02 MONTR	@R MACRO
15:56:02 USER	
15:56:02 USER	**DFKCB@
15:56:02 USER	MACRO:	DFKCB
15:56:02 USER	[STARTING PASS 2]
15:56:03 USER	
15:56:03 USER	EXIT
15:56:03 MONTR	@
15:56:03 FALSE	@IF (ERROR) @GOTO BLO
		
		!**** RUN LINKER
15:56:03 BLABL	LNK::
15:56:03 MONTR	@RUN DLINK
15:56:03 MONTR	
15:56:03 MONTR	?No such device - "DLINK"
15:56:03 MONTR	@
		*DFKCB.SAV/SAV=DFKCB/GO
15:56:03 TRUE	@IF (ERROR)
15:56:03 BATCH	@GOTO BLO
15:56:03 BLABL	BLO::
15:56:03 MONTR	@R PIP
15:56:03 USER	**DFKCB.BLO=NUL:FOO
15:56:03 USER	*
15:56:03 BLABL	LOG::
15:56:03 USER	
15:56:03 USER	Killed by OPERATOR, Detached
15:56:03 USER	Killed Job 10, User ALAN, TTY22, at 30-Dec-2024 15:56:03
15:56:03 USER	 Used 0:00:01 in 0:00:01
