
			30-Dec-2024 15:55:29

BATCON Version	6(10114)			GLXLIB Version	6(1534)

	    Job SUBRTN Req #9 for ALAN in Stream 0

	OUTPUT:	 Log				TIME-LIMIT: 0:05:00
	UNIQUE:	 Yes				BATCH-LOG:  Append
	RESTART: No				ASSISTANCE: Yes
	ACCOUNT:                                SEQUENCE:   3071

	Input from => TOPS20:<KLAD>SUBRTN.CTL
	Output to  => TOPS20:<KLAD>SUBRTN.LOG



15:55:29 MONTR	 Alan's Panda Distribution, PANDA TOPS-20 Monitor 7.1(21733)-4
15:55:29 MONTR	 Job 10 on TTY22 30-Dec-2024 15:55:29
15:55:29 MONTR	  Last interactive login 30-Dec-2024 15:55:17
15:55:29 MONTR	  Last non-interactive login 26-Dec-2024 15:07:38
15:55:29 MONTR	@
15:55:29 MONTR	[Connected to TOPS20:<KLAD>]
		!****	SUBRTN.CTL	23-MAR-78
		!*****	ASSEMBLE PROGRAM
15:55:29 BLABL	MAC::
15:55:29 MONTR	@R MACRO
15:55:29 USER	
15:55:29 USER	**SUBRTN@
15:55:29 USER	MACRO:	SUBRTN
15:55:30 USER	
15:55:30 USER	EXIT
15:55:30 MONTR	@
15:55:30 FALSE	@IF (ERROR) @GOTO BLO
15:55:30 BLABL	LNK::
15:55:30 MONTR	@RUN DLINK
15:55:30 MONTR	
15:55:30 MONTR	?File not found - "DLINK"
15:55:30 MONTR	@
		*SUBRTN.SAV/SAV=SUBRTN/NOSYM/NOINIT/GO
15:55:30 TRUE	@IF (ERROR)
15:55:30 BATCH	@GOTO BLO
15:55:30 BLABL	BLO::
15:55:30 MONTR	@R PIP
15:55:30 USER	**SUBRTN.BLO=NUL:FOO
15:55:30 USER	*
15:55:30 BLABL	LOG::
15:55:30 USER	
15:55:30 USER	Killed by OPERATOR, Detached
15:55:30 USER	Killed Job 10, User ALAN, TTY22, at 30-Dec-2024 15:55:30
15:55:30 USER	 Used 0:00:00 in 0:00:00
